[debug] [2024-03-26T15:49:32.353Z] ----------------------------------------------------------------------
[debug] [2024-03-26T15:49:32.357Z] Command:       C:\Program Files\nodejs\node.exe C:\Users\gopal\AppData\Roaming\npm\node_modules\firebase-tools\lib\bin\firebase.js deploy
[debug] [2024-03-26T15:49:32.357Z] CLI Version:   13.5.2
[debug] [2024-03-26T15:49:32.357Z] Platform:      win32
[debug] [2024-03-26T15:49:32.358Z] Node Version:  v20.10.0
[debug] [2024-03-26T15:49:32.358Z] Time:          Tue Mar 26 2024 21:19:32 GMT+0530 (India Standard Time)
[debug] [2024-03-26T15:49:32.358Z] ----------------------------------------------------------------------
[debug] 
[debug] [2024-03-26T15:49:32.427Z] > command requires scopes: ["email","openid","https://www.googleapis.com/auth/cloudplatformprojects.readonly","https://www.googleapis.com/auth/firebase","https://www.googleapis.com/auth/cloud-platform"]
[debug] [2024-03-26T15:49:32.427Z] > authorizing via signed-in user (gopalgawas2004@gmail.com)
[debug] [2024-03-26T15:49:32.427Z] [iam] checking project collegequest-101dc for permissions ["firebase.projects.get","firebasehosting.sites.update"]
[debug] [2024-03-26T15:49:32.429Z] >>> [apiv2][query] POST https://cloudresourcemanager.googleapis.com/v1/projects/collegequest-101dc:testIamPermissions [none]
[debug] [2024-03-26T15:49:32.429Z] >>> [apiv2][(partial)header] POST https://cloudresourcemanager.googleapis.com/v1/projects/collegequest-101dc:testIamPermissions x-goog-quota-user=projects/collegequest-101dc
[debug] [2024-03-26T15:49:32.429Z] >>> [apiv2][body] POST https://cloudresourcemanager.googleapis.com/v1/projects/collegequest-101dc:testIamPermissions {"permissions":["firebase.projects.get","firebasehosting.sites.update"]}
[debug] [2024-03-26T15:49:33.905Z] <<< [apiv2][status] POST https://cloudresourcemanager.googleapis.com/v1/projects/collegequest-101dc:testIamPermissions 200
[debug] [2024-03-26T15:49:33.906Z] <<< [apiv2][body] POST https://cloudresourcemanager.googleapis.com/v1/projects/collegequest-101dc:testIamPermissions {"permissions":["firebase.projects.get","firebasehosting.sites.update"]}
[debug] [2024-03-26T15:49:33.906Z] >>> [apiv2][query] GET https://firebase.googleapis.com/v1beta1/projects/collegequest-101dc [none]
[debug] [2024-03-26T15:49:34.312Z] <<< [apiv2][status] GET https://firebase.googleapis.com/v1beta1/projects/collegequest-101dc 200
[debug] [2024-03-26T15:49:34.313Z] <<< [apiv2][body] GET https://firebase.googleapis.com/v1beta1/projects/collegequest-101dc {"projectId":"collegequest-101dc","projectNumber":"900326719034","displayName":"CollegeQuest","name":"projects/collegequest-101dc","resources":{"hostingSite":"collegequest-101dc","realtimeDatabaseInstance":"collegequest-101dc-default-rtdb"},"state":"ACTIVE","etag":"1_842e96d7-6e2f-4fb8-9946-5c0cd5a14134"}
[info] 
[info] === Deploying to 'collegequest-101dc'...
[info] 
[info] i  deploying hosting 
[debug] [2024-03-26T15:49:34.324Z] >>> [apiv2][query] POST https://firebasehosting.googleapis.com/v1beta1/projects/-/sites/collegequest-101dc/versions [none]
[debug] [2024-03-26T15:49:34.324Z] >>> [apiv2][body] POST https://firebasehosting.googleapis.com/v1beta1/projects/-/sites/collegequest-101dc/versions {"status":"CREATED","labels":{"deployment-tool":"cli-firebase"}}
[debug] [2024-03-26T15:49:35.567Z] <<< [apiv2][status] POST https://firebasehosting.googleapis.com/v1beta1/projects/-/sites/collegequest-101dc/versions 200
[debug] [2024-03-26T15:49:35.567Z] <<< [apiv2][body] POST https://firebasehosting.googleapis.com/v1beta1/projects/-/sites/collegequest-101dc/versions {"name":"projects/900326719034/sites/collegequest-101dc/versions/c490ecde702d0daf","status":"CREATED","config":{},"labels":{"deployment-tool":"cli-firebase"}}
[info] i  hosting[collegequest-101dc]: beginning deploy... 
[debug] [2024-03-26T15:49:35.658Z] Error: EPERM: operation not permitted, scandir 'C:\Users\gopal\Documents\Coding\FinalCollegeQuest\public\firebase-debug.log'
    at Object.readdirSync (node:fs:1514:26)
    at GlobSync._readdir (C:\Users\gopal\AppData\Roaming\npm\node_modules\firebase-tools\node_modules\glob\sync.js:288:46)
    at GlobSync._readdirInGlobStar (C:\Users\gopal\AppData\Roaming\npm\node_modules\firebase-tools\node_modules\glob\sync.js:245:17)
    at GlobSync._readdir (C:\Users\gopal\AppData\Roaming\npm\node_modules\firebase-tools\node_modules\glob\sync.js:276:17)
    at GlobSync._processReaddir (C:\Users\gopal\AppData\Roaming\npm\node_modules\firebase-tools\node_modules\glob\sync.js:137:22)
    at GlobSync._process (C:\Users\gopal\AppData\Roaming\npm\node_modules\firebase-tools\node_modules\glob\sync.js:132:10)
    at GlobSync._processGlobStar (C:\Users\gopal\AppData\Roaming\npm\node_modules\firebase-tools\node_modules\glob\sync.js:380:10)
    at GlobSync._process (C:\Users\gopal\AppData\Roaming\npm\node_modules\firebase-tools\node_modules\glob\sync.js:130:10)
    at new GlobSync (C:\Users\gopal\AppData\Roaming\npm\node_modules\firebase-tools\node_modules\glob\sync.js:45:10)
    at globSync (C:\Users\gopal\AppData\Roaming\npm\node_modules\firebase-tools\node_modules\glob\sync.js:23:10)
[error] 
[error] Error: An unexpected error has occurred.
